# JRE version: OpenJDK Runtime Environment (17.0.7) (build 17.0.7+0-b2043.56-10550314)
# Java VM: OpenJDK 64-Bit Server VM (17.0.7+0-b2043.56-10550314, mixed mode, tiered, compressed oops, compressed class ptrs, g1 gc, windows-amd64)
GC Precious Log:
 CPUs: 8 total, 8 available
 Memory: 5965M
 Large Page Support: Disabled
 NUMA Support: Disabled
 Compressed Oops: Enabled (32-bit)
 Heap Region Size: 1M
 Heap Min Capacity: 8M
 Heap Initial Capacity: 94M
 Heap Max Capacity: 1492M
 Pre-touch: Disabled
 Parallel Workers: 8
 Concurrent Workers: 2
 Concurrent Refinement Workers: 8
 Periodic GC: Disabled
Heap:
 garbage-first heap   total 154624K, used 76572K [0x00000000a2c00000, 0x0000000100000000)
  region size 1024K, 43 young (44032K), 1 survivors (1024K)
 Metaspace       used 54652K, committed 54848K, reserved 1114112K
  class space    used 6453K, committed 6528K, reserved 1048576K
GC Heap History (20 events):
Event: 8.505 GC heap before
{Heap before GC invocations=11 (full 0):
 garbage-first heap   total 49152K, used 34685K [0x00000000a2c00000, 0x0000000100000000)
  region size 1024K, 15 young (15360K), 1 survivors (1024K)
 Metaspace       used 40517K, committed 40704K, reserved 1114112K
  class space    used 4972K, committed 5056K, reserved 1048576K
}
Event: 8.509 GC heap after
{Heap after GC invocations=12 (full 0):
 garbage-first heap   total 49152K, used 22735K [0x00000000a2c00000, 0x0000000100000000)
  region size 1024K, 2 young (2048K), 2 survivors (2048K)
 Metaspace       used 40517K, committed 40704K, reserved 1114112K
  class space    used 4972K, committed 5056K, reserved 1048576K
}
Event: 9.155 GC heap before
{Heap before GC invocations=12 (full 0):
 garbage-first heap   total 49152K, used 36047K [0x00000000a2c00000, 0x0000000100000000)
  region size 1024K, 15 young (15360K), 2 survivors (2048K)
 Metaspace       used 43946K, committed 44160K, reserved 1114112K
  class space    used 5344K, committed 5440K, reserved 1048576K
}
Event: 9.160 GC heap after
{Heap after GC invocations=13 (full 0):
 garbage-first heap   total 49152K, used 23665K [0x00000000a2c00000, 0x0000000100000000)
  region size 1024K, 2 young (2048K), 2 survivors (2048K)
 Metaspace       used 43946K, committed 44160K, reserved 1114112K
  class space    used 5344K, committed 5440K, reserved 1048576K
}
Event: 9.722 GC heap before
{Heap before GC invocations=13 (full 0):
 garbage-first heap   total 49152K, used 35953K [0x00000000a2c00000, 0x0000000100000000)
  region size 1024K, 15 young (15360K), 2 survivors (2048K)
 Metaspace       used 46683K, committed 46848K, reserved 1114112K
  class space    used 5691K, committed 5760K, reserved 1048576K
}
Event: 9.728 GC heap after
{Heap after GC invocations=14 (full 0):
 garbage-first heap   total 49152K, used 24879K [0x00000000a2c00000, 0x0000000100000000)
  region size 1024K, 2 young (2048K), 2 survivors (2048K)
 Metaspace       used 46683K, committed 46848K, reserved 1114112K
  class space    used 5691K, committed 5760K, reserved 1048576K
}
Event: 10.248 GC heap before
{Heap before GC invocations=15 (full 0):
 garbage-first heap   total 49152K, used 40239K [0x00000000a2c00000, 0x0000000100000000)
  region size 1024K, 15 young (15360K), 2 survivors (2048K)
 Metaspace       used 48350K, committed 48576K, reserved 1114112K
  class space    used 5881K, committed 5952K, reserved 1048576K
}
Event: 10.257 GC heap after
{Heap after GC invocations=16 (full 0):
 garbage-first heap   total 49152K, used 29679K [0x00000000a2c00000, 0x0000000100000000)
  region size 1024K, 2 young (2048K), 2 survivors (2048K)
 Metaspace       used 48350K, committed 48576K, reserved 1114112K
  class space    used 5881K, committed 5952K, reserved 1048576K
}
Event: 10.419 GC heap before
{Heap before GC invocations=16 (full 0):
 garbage-first heap   total 49152K, used 32751K [0x00000000a2c00000, 0x0000000100000000)
  region size 1024K, 6 young (6144K), 2 survivors (2048K)
 Metaspace       used 49096K, committed 49344K, reserved 1114112K
  class space    used 5977K, committed 6080K, reserved 1048576K
}
Event: 10.425 GC heap after
{Heap after GC invocations=17 (full 0):
 garbage-first heap   total 66560K, used 30592K [0x00000000a2c00000, 0x0000000100000000)
  region size 1024K, 1 young (1024K), 1 survivors (1024K)
 Metaspace       used 49096K, committed 49344K, reserved 1114112K
  class space    used 5977K, committed 6080K, reserved 1048576K
}
Event: 10.564 GC heap before
{Heap before GC invocations=18 (full 0):
 garbage-first heap   total 66560K, used 49024K [0x00000000a2c00000, 0x0000000100000000)
  region size 1024K, 19 young (19456K), 1 survivors (1024K)
 Metaspace       used 49177K, committed 49408K, reserved 1114112K
  class space    used 5977K, committed 6080K, reserved 1048576K
}
Event: 10.566 GC heap after
{Heap after GC invocations=19 (full 0):
 garbage-first heap   total 66560K, used 31119K [0x00000000a2c00000, 0x0000000100000000)
  region size 1024K, 2 young (2048K), 2 survivors (2048K)
 Metaspace       used 49177K, committed 49408K, reserved 1114112K
  class space    used 5977K, committed 6080K, reserved 1048576K
}
Event: 10.568 GC heap before
{Heap before GC invocations=19 (full 0):
 garbage-first heap   total 66560K, used 32143K [0x00000000a2c00000, 0x0000000100000000)
  region size 1024K, 3 young (3072K), 2 survivors (2048K)
 Metaspace       used 49177K, committed 49408K, reserved 1114112K
  class space    used 5977K, committed 6080K, reserved 1048576K
}
Event: 10.572 GC heap after
{Heap after GC invocations=20 (full 0):
 garbage-first heap   total 66560K, used 30887K [0x00000000a2c00000, 0x0000000100000000)
  region size 1024K, 1 young (1024K), 1 survivors (1024K)
 Metaspace       used 49177K, committed 49408K, reserved 1114112K
  class space    used 5977K, committed 6080K, reserved 1048576K
}
Event: 11.305 GC heap before
{Heap before GC invocations=20 (full 0):
 garbage-first heap   total 66560K, used 50343K [0x00000000a2c00000, 0x0000000100000000)
  region size 1024K, 20 young (20480K), 1 survivors (1024K)
 Metaspace       used 51832K, committed 52032K, reserved 1114112K
  class space    used 6249K, committed 6336K, reserved 1048576K
}
Event: 11.313 GC heap after
{Heap after GC invocations=21 (full 0):
 garbage-first heap   total 66560K, used 33341K [0x00000000a2c00000, 0x0000000100000000)
  region size 1024K, 3 young (3072K), 3 survivors (3072K)
 Metaspace       used 51832K, committed 52032K, reserved 1114112K
  class space    used 6249K, committed 6336K, reserved 1048576K
}
Event: 11.767 GC heap before
{Heap before GC invocations=22 (full 0):
 garbage-first heap   total 66560K, used 51773K [0x00000000a2c00000, 0x0000000100000000)
  region size 1024K, 21 young (21504K), 3 survivors (3072K)
 Metaspace       used 52485K, committed 52800K, reserved 1114112K
  class space    used 6323K, committed 6464K, reserved 1048576K
}
Event: 11.775 GC heap after
{Heap after GC invocations=23 (full 0):
 garbage-first heap   total 66560K, used 34576K [0x00000000a2c00000, 0x0000000100000000)
  region size 1024K, 3 young (3072K), 3 survivors (3072K)
 Metaspace       used 52485K, committed 52800K, reserved 1114112K
  class space    used 6323K, committed 6464K, reserved 1048576K
}
Event: 11.798 GC heap before
{Heap before GC invocations=23 (full 0):
 garbage-first heap   total 66560K, used 35600K [0x00000000a2c00000, 0x0000000100000000)
  region size 1024K, 4 young (4096K), 3 survivors (3072K)
 Metaspace       used 52509K, committed 52800K, reserved 1114112K
  class space    used 6323K, committed 6464K, reserved 1048576K
}
Event: 11.805 GC heap after
{Heap after GC invocations=24 (full 0):
 garbage-first heap   total 154624K, used 34588K [0x00000000a2c00000, 0x0000000100000000)
  region size 1024K, 1 young (1024K), 1 survivors (1024K)
 Metaspace       used 52509K, committed 52800K, reserved 1114112K
  class space    used 6323K, committed 6464K, reserved 1048576K
}

